2025-02-18 14:58:28,008    : -----Naukri.py Script Run Begin-----
2025-02-18 14:58:28,008    : ====== WebDriver manager ======
2025-02-18 14:58:28,172    : Get LATEST chromedriver version for google-chrome
2025-02-18 14:58:28,448    : Get LATEST chromedriver version for google-chrome
2025-02-18 14:58:28,673    : There is no [mac64] chromedriver "133.0.6943.98" for browser google-chrome "133.0.6943" in cache
2025-02-18 14:58:28,682    : Get LATEST chromedriver version for google-chrome
2025-02-18 14:58:29,230    : WebDriver version 133.0.6943.98 selected
2025-02-18 14:58:29,232    : Modern chrome version https://storage.googleapis.com/chrome-for-testing-public/133.0.6943.98/mac-arm64/chromedriver-mac-arm64.zip
2025-02-18 14:58:29,232    : About to download new driver from https://storage.googleapis.com/chrome-for-testing-public/133.0.6943.98/mac-arm64/chromedriver-mac-arm64.zip
2025-02-18 14:58:30,001    : Driver downloading response is 200
2025-02-18 14:58:30,827    : Get LATEST chromedriver version for google-chrome
2025-02-18 14:58:31,146    : Driver has been saved in cache [/Users/manas/Downloads/Naukri-master/.wdm/drivers/chromedriver/mac64/133.0.6943.98]
2025-02-18 14:58:33,862    : Google Chrome Launched!
2025-02-18 14:58:35,981    : Website Loaded Successfully.
2025-02-18 14:58:50,404    : <class 'selenium.common.exceptions.NoSuchWindowException'> : Message: no such window: target window already closed
from unknown error: web view not found
  (Session info: chrome=133.0.6943.99)
Stacktrace:
0   chromedriver                        0x0000000100852bac cxxbridge1$str$ptr + 2724820
1   chromedriver                        0x000000010084b20c cxxbridge1$str$ptr + 2693684
2   chromedriver                        0x00000001003b1afc cxxbridge1$string$len + 93348
3   chromedriver                        0x000000010038b4d4 chromedriver + 128212
4   chromedriver                        0x0000000100420b24 cxxbridge1$string$len + 548044
5   chromedriver                        0x0000000100439694 cxxbridge1$string$len + 649276
6   chromedriver                        0x00000001003ecba0 cxxbridge1$string$len + 335176
7   chromedriver                        0x000000010081b664 cxxbridge1$str$ptr + 2498188
8   chromedriver                        0x000000010081e978 cxxbridge1$str$ptr + 2511264
9   chromedriver                        0x0000000100800d04 cxxbridge1$str$ptr + 2389292
10  chromedriver                        0x000000010081f220 cxxbridge1$str$ptr + 2513480
11  chromedriver                        0x00000001007f1cec cxxbridge1$str$ptr + 2327828
12  chromedriver                        0x000000010083b8d4 cxxbridge1$str$ptr + 2629884
13  chromedriver                        0x000000010083ba5c cxxbridge1$str$ptr + 2630276
14  chromedriver                        0x000000010084ae80 cxxbridge1$str$ptr + 2692776
15  libsystem_pthread.dylib             0x000000018fc042e4 _pthread_start + 136
16  libsystem_pthread.dylib             0x000000018fbff0fc thread_start + 8
 at Line 94.
2025-02-18 14:58:50,405    : <class 'AttributeError'> : 'NoneType' object has no attribute 'click' at Line 219.
2025-02-18 14:58:50,407    : <class 'selenium.common.exceptions.NoSuchWindowException'> : Message: no such window: target window already closed
from unknown error: web view not found
  (Session info: chrome=133.0.6943.99)
Stacktrace:
0   chromedriver                        0x0000000100852bac cxxbridge1$str$ptr + 2724820
1   chromedriver                        0x000000010084b20c cxxbridge1$str$ptr + 2693684
2   chromedriver                        0x00000001003b1afc cxxbridge1$string$len + 93348
3   chromedriver                        0x000000010038b4d4 chromedriver + 128212
4   chromedriver                        0x0000000100420b24 cxxbridge1$string$len + 548044
5   chromedriver                        0x0000000100428428 cxxbridge1$string$len + 579024
6   chromedriver                        0x00000001003ecba0 cxxbridge1$string$len + 335176
7   chromedriver                        0x000000010081b664 cxxbridge1$str$ptr + 2498188
8   chromedriver                        0x000000010081e978 cxxbridge1$str$ptr + 2511264
9   chromedriver                        0x0000000100800d04 cxxbridge1$str$ptr + 2389292
10  chromedriver                        0x000000010081f220 cxxbridge1$str$ptr + 2513480
11  chromedriver                        0x00000001007f1cec cxxbridge1$str$ptr + 2327828
12  chromedriver                        0x000000010083b8d4 cxxbridge1$str$ptr + 2629884
13  chromedriver                        0x000000010083ba5c cxxbridge1$str$ptr + 2630276
14  chromedriver                        0x000000010084ae80 cxxbridge1$str$ptr + 2692776
15  libsystem_pthread.dylib             0x000000018fc042e4 _pthread_start + 136
16  libsystem_pthread.dylib             0x000000018fbff0fc thread_start + 8
 at Line 138.
2025-02-18 14:58:50,509    : Driver Quit Successfully
2025-02-18 14:58:50,509    : -----Naukri.py Script Run Ended-----

2025-02-18 14:59:29,103    : -----Naukri.py Script Run Begin-----
2025-02-18 14:59:29,104    : ====== WebDriver manager ======
2025-02-18 14:59:29,341    : Get LATEST chromedriver version for google-chrome
2025-02-18 14:59:29,564    : Get LATEST chromedriver version for google-chrome
2025-02-18 14:59:29,805    : Driver [/Users/manas/Downloads/Naukri-master/.wdm/drivers/chromedriver/mac64/133.0.6943.98/chromedriver-mac-arm64/chromedriver] found in cache
2025-02-18 14:59:31,711    : Google Chrome Launched!
2025-02-18 14:59:33,837    : Website Loaded Successfully.
2025-02-18 14:59:49,245    : Element not found with XPATH : //*[text() = 'SKIP AND CONTINUE']
2025-02-18 14:59:50,249    : <class 'selenium.common.exceptions.NoSuchWindowException'> : Message: no such window: target window already closed
from unknown error: web view not found
  (Session info: chrome=133.0.6943.99)
Stacktrace:
0   chromedriver                        0x0000000104d1ebac cxxbridge1$str$ptr + 2724820
1   chromedriver                        0x0000000104d1720c cxxbridge1$str$ptr + 2693684
2   chromedriver                        0x000000010487dafc cxxbridge1$string$len + 93348
3   chromedriver                        0x00000001048574d4 chromedriver + 128212
4   chromedriver                        0x00000001048ecb24 cxxbridge1$string$len + 548044
5   chromedriver                        0x0000000104905694 cxxbridge1$string$len + 649276
6   chromedriver                        0x00000001048b8ba0 cxxbridge1$string$len + 335176
7   chromedriver                        0x0000000104ce7664 cxxbridge1$str$ptr + 2498188
8   chromedriver                        0x0000000104cea978 cxxbridge1$str$ptr + 2511264
9   chromedriver                        0x0000000104cccd04 cxxbridge1$str$ptr + 2389292
10  chromedriver                        0x0000000104ceb220 cxxbridge1$str$ptr + 2513480
11  chromedriver                        0x0000000104cbdcec cxxbridge1$str$ptr + 2327828
12  chromedriver                        0x0000000104d078d4 cxxbridge1$str$ptr + 2629884
13  chromedriver                        0x0000000104d07a5c cxxbridge1$str$ptr + 2630276
14  chromedriver                        0x0000000104d16e80 cxxbridge1$str$ptr + 2692776
15  libsystem_pthread.dylib             0x000000018fc042e4 _pthread_start + 136
16  libsystem_pthread.dylib             0x000000018fbff0fc thread_start + 8
 at Line 94.
2025-02-18 14:59:50,249    : Unknown Login Error
2025-02-18 14:59:50,252    : <class 'selenium.common.exceptions.NoSuchWindowException'> : Message: no such window: target window already closed
from unknown error: web view not found
  (Session info: chrome=133.0.6943.99)
Stacktrace:
0   chromedriver                        0x0000000104d1ebac cxxbridge1$str$ptr + 2724820
1   chromedriver                        0x0000000104d1720c cxxbridge1$str$ptr + 2693684
2   chromedriver                        0x000000010487dafc cxxbridge1$string$len + 93348
3   chromedriver                        0x00000001048574d4 chromedriver + 128212
4   chromedriver                        0x00000001048ecb24 cxxbridge1$string$len + 548044
5   chromedriver                        0x00000001048f4428 cxxbridge1$string$len + 579024
6   chromedriver                        0x00000001048b8ba0 cxxbridge1$string$len + 335176
7   chromedriver                        0x0000000104ce7664 cxxbridge1$str$ptr + 2498188
8   chromedriver                        0x0000000104cea978 cxxbridge1$str$ptr + 2511264
9   chromedriver                        0x0000000104cccd04 cxxbridge1$str$ptr + 2389292
10  chromedriver                        0x0000000104ceb220 cxxbridge1$str$ptr + 2513480
11  chromedriver                        0x0000000104cbdcec cxxbridge1$str$ptr + 2327828
12  chromedriver                        0x0000000104d078d4 cxxbridge1$str$ptr + 2629884
13  chromedriver                        0x0000000104d07a5c cxxbridge1$str$ptr + 2630276
14  chromedriver                        0x0000000104d16e80 cxxbridge1$str$ptr + 2692776
15  libsystem_pthread.dylib             0x000000018fc042e4 _pthread_start + 136
16  libsystem_pthread.dylib             0x000000018fbff0fc thread_start + 8
 at Line 138.
2025-02-18 14:59:50,342    : Driver Quit Successfully
2025-02-18 14:59:50,342    : -----Naukri.py Script Run Ended-----

2025-02-18 15:00:00,775    : -----Naukri.py Script Run Begin-----
2025-02-18 15:00:00,775    : ====== WebDriver manager ======
2025-02-18 15:00:00,992    : Get LATEST chromedriver version for google-chrome
2025-02-18 15:00:01,250    : Get LATEST chromedriver version for google-chrome
2025-02-18 15:00:01,448    : Driver [/Users/manas/Downloads/Naukri-master/.wdm/drivers/chromedriver/mac64/133.0.6943.98/chromedriver-mac-arm64/chromedriver] found in cache
2025-02-18 15:00:02,964    : Google Chrome Launched!
2025-02-18 15:00:04,982    : Website Loaded Successfully.
2025-02-18 15:00:20,389    : Element not found with XPATH : //*[text() = 'SKIP AND CONTINUE']
2025-02-18 15:00:21,412    : Naukri Login Successful
2025-02-18 15:00:47,143    : Element not found with XPATH : //*[@name='mobile'] | //*[@id='mob_number']
2025-02-18 15:00:50,149    : Element not found with XPATH : //*[@name='mobile'] | //*[@id='mob_number']
2025-02-18 15:00:50,149    : Mobile number element not found in UI
2025-02-18 15:01:00,192    : Element not found with XPATH : //*[text()='today' or text()='Today']
2025-02-18 15:01:03,245    : Profile Update Failed
2025-02-18 15:01:08,263    : <class 'AttributeError'> : 'int' object has no attribute 'indirect_reference' at Line 332.
2025-02-18 15:01:20,672    : Element not found with XPATH : //*[contains(@class, 'crossIcon')]
2025-02-18 15:01:26,759    : Element not found with ID : //button[@type='button']
2025-02-18 15:01:27,802    : Resume Document Upload Successful. Last Updated date = Uploaded on Feb 18, 2025
2025-02-18 15:01:29,931    : Driver Closed Successfully
2025-02-18 15:01:30,019    : Driver Quit Successfully
2025-02-18 15:01:30,019    : -----Naukri.py Script Run Ended-----

2025-02-18 15:05:03,258    : -----Naukri.py Script Run Begin-----
2025-02-18 15:05:03,259    : ====== WebDriver manager ======
2025-02-18 15:05:03,500    : Get LATEST chromedriver version for google-chrome
2025-02-18 15:05:03,763    : Get LATEST chromedriver version for google-chrome
2025-02-18 15:05:03,979    : Driver [/Users/manas/Downloads/Naukri-master/.wdm/drivers/chromedriver/mac64/133.0.6943.98/chromedriver-mac-arm64/chromedriver] found in cache
2025-02-18 15:05:05,818    : Google Chrome Launched!
2025-02-18 15:05:08,035    : Website Loaded Successfully.
2025-02-18 15:05:23,462    : Element not found with XPATH : //*[text() = 'SKIP AND CONTINUE']
2025-02-18 15:05:24,492    : Naukri Login Successful
2025-02-18 15:05:50,328    : Element not found with XPATH : //*[@name='mobile'] | //*[@id='mob_number']
2025-02-18 15:05:53,350    : Element not found with XPATH : //*[@name='mobile'] | //*[@id='mob_number']
2025-02-18 15:05:53,350    : Mobile number element not found in UI
2025-02-18 15:05:54,372    : Profile Update Successful
2025-02-18 15:05:59,398    : <class 'AttributeError'> : 'int' object has no attribute 'indirect_reference' at Line 332.
2025-02-18 15:06:13,398    : Element not found with XPATH : //*[contains(@class, 'crossIcon')]
2025-02-18 15:06:19,486    : Element not found with ID : //button[@type='button']
2025-02-18 15:06:20,506    : Resume Document Upload Successful. Last Updated date = Uploaded on Feb 18, 2025
2025-02-18 15:06:22,640    : Driver Closed Successfully
2025-02-18 15:06:22,719    : Driver Quit Successfully
2025-02-18 15:06:22,719    : -----Naukri.py Script Run Ended-----

2025-02-18 15:08:02,468    : -----Naukri.py Script Run Begin-----
2025-02-18 15:08:02,469    : ====== WebDriver manager ======
2025-02-18 15:08:02,700    : Get LATEST chromedriver version for google-chrome
2025-02-18 15:08:02,963    : Get LATEST chromedriver version for google-chrome
2025-02-18 15:08:03,166    : Driver [/Users/manas/Downloads/Naukri-master/.wdm/drivers/chromedriver/mac64/133.0.6943.98/chromedriver-mac-arm64/chromedriver] found in cache
2025-02-18 15:08:04,932    : Google Chrome Launched!
2025-02-18 15:08:07,287    : Website Loaded Successfully.
2025-02-18 15:08:22,749    : Element not found with XPATH : //*[text() = 'SKIP AND CONTINUE']
2025-02-18 15:08:23,778    : Naukri Login Successful
2025-02-18 15:08:49,631    : Element not found with XPATH : //*[@name='mobile'] | //*[@id='mob_number']
2025-02-18 15:08:52,643    : Element not found with XPATH : //*[@name='mobile'] | //*[@id='mob_number']
2025-02-18 15:08:52,643    : Mobile number element not found in UI
2025-02-18 15:08:53,664    : Profile Update Successful
2025-02-18 15:08:58,690    : <class 'AttributeError'> : 'int' object has no attribute 'indirect_reference' at Line 332.
2025-02-18 15:09:11,068    : Element not found with XPATH : //*[contains(@class, 'crossIcon')]
2025-02-18 15:09:17,172    : Element not found with ID : //button[@type='button']
2025-02-18 15:09:18,215    : Resume Document Upload Successful. Last Updated date = Uploaded on Feb 18, 2025
2025-02-18 15:09:20,348    : Driver Closed Successfully
2025-02-18 15:09:20,419    : Driver Quit Successfully
2025-02-18 15:09:20,419    : -----Naukri.py Script Run Ended-----

2025-02-18 15:13:52,190    : -----Naukri.py Script Run Begin-----
2025-02-18 15:13:52,191    : ====== WebDriver manager ======
2025-02-18 15:13:52,419    : Get LATEST chromedriver version for google-chrome
2025-02-18 15:13:52,831    : Get LATEST chromedriver version for google-chrome
2025-02-18 15:13:53,026    : Driver [/Users/manas/Downloads/Naukri-master/.wdm/drivers/chromedriver/mac64/133.0.6943.98/chromedriver-mac-arm64/chromedriver] found in cache
2025-02-18 15:13:54,810    : Google Chrome Launched!
2025-02-18 15:13:57,222    : Website Loaded Successfully.
2025-02-18 15:14:12,632    : Element not found with XPATH : //*[text() = 'SKIP AND CONTINUE']
2025-02-18 15:14:13,660    : Naukri Login Successful
2025-02-18 15:14:25,248    : Element not found with XPATH : //*[contains(@class, 'crossIcon')]
2025-02-18 15:14:46,517    : Element not found with XPATH : //*[contains(text(), 'Location')]/following-sibling::*[contains(@class, 'location')]
2025-02-18 15:14:49,558    : Element not found with XPATH : //*[contains(text(), 'Location')]/following-sibling::*[contains(@class, 'location')]
2025-02-18 15:14:49,559    : Location element not found in UI
2025-02-18 15:14:50,582    : Profile Update Successful
2025-02-18 15:14:55,589    : <class 'NameError'> : name 'UpdateResume' is not defined at Line 295.
2025-02-18 15:14:55,720    : Driver Closed Successfully
2025-02-18 15:14:55,805    : Driver Quit Successfully
2025-02-18 15:14:55,805    : -----Naukri.py Script Run Ended-----

2025-02-18 15:51:46,574    : -----Naukri.py Script Run Begin-----
2025-02-18 15:51:46,574    : ====== WebDriver manager ======
2025-02-18 15:51:51,890    : Get LATEST chromedriver version for google-chrome
2025-02-18 15:51:52,969    : Get LATEST chromedriver version for google-chrome
2025-02-18 15:51:53,162    : Driver [/Users/manas/Downloads/Naukri-master/.wdm/drivers/chromedriver/mac64/133.0.6943.98/chromedriver-mac-arm64/chromedriver] found in cache
2025-02-18 15:51:54,931    : Google Chrome Launched!
2025-02-18 15:51:56,959    : Website Loaded Successfully.
2025-02-18 15:52:12,357    : Element not found with XPATH : //*[text() = 'SKIP AND CONTINUE']
2025-02-18 15:52:13,376    : Naukri Login Successful
2025-02-18 15:52:24,992    : Element not found with XPATH : //*[contains(@class, 'crossIcon')]
2025-02-18 15:52:46,258    : Element not found with XPATH : //*[@name='mobile'] | //*[@id='mob_number']
2025-02-18 15:52:49,284    : Element not found with XPATH : //*[@name='mobile'] | //*[@id='mob_number']
2025-02-18 15:52:49,284    : Mobile number element not found in UI
2025-02-18 15:52:50,305    : Profile Update Successful
2025-02-18 15:52:55,328    : <class 'AttributeError'> : 'int' object has no attribute 'indirect_reference' at Line 332.
2025-02-18 15:53:07,650    : Element not found with XPATH : //*[contains(@class, 'crossIcon')]
2025-02-18 15:53:13,744    : Element not found with ID : //button[@type='button']
2025-02-18 15:53:14,798    : Resume Document Upload Successful. Last Updated date = Uploaded on Feb 18, 2025
2025-02-18 15:53:16,925    : Driver Closed Successfully
2025-02-18 15:53:17,013    : Driver Quit Successfully
2025-02-18 15:53:17,014    : -----Naukri.py Script Run Ended-----

2025-02-18 15:59:06,809    : -----Naukri.py Script Run Begin-----
2025-02-18 15:59:06,809    : ====== WebDriver manager ======
2025-02-18 15:59:07,057    : Get LATEST chromedriver version for google-chrome
2025-02-18 15:59:07,476    : Get LATEST chromedriver version for google-chrome
2025-02-18 15:59:07,805    : Driver [/Users/manas/Downloads/Naukri-master/.wdm/drivers/chromedriver/mac64/133.0.6943.98/chromedriver-mac-arm64/chromedriver] found in cache
2025-02-18 15:59:09,868    : Google Chrome Launched!
2025-02-18 15:59:11,891    : Website Loaded Successfully.
2025-02-18 15:59:27,822    : Element not found with XPATH : //*[text() = 'SKIP AND CONTINUE']
2025-02-18 15:59:28,856    : Naukri Login Successful
2025-02-18 15:59:40,684    : Element not found with XPATH : //*[contains(@class, 'crossIcon')]
2025-02-18 16:00:02,563    : Element not found with XPATH : //*[@name='mobile'] | //*[@id='mob_number']
2025-02-18 16:00:05,671    : Element not found with XPATH : //*[@name='mobile'] | //*[@id='mob_number']
2025-02-18 16:00:05,671    : Mobile number element not found in UI
2025-02-18 16:00:06,693    : Profile Update Successful
2025-02-18 16:00:11,740    : <class 'AttributeError'> : 'int' object has no attribute 'indirect_reference' at Line 332.
2025-02-18 16:00:24,671    : Element not found with XPATH : //*[contains(@class, 'crossIcon')]
2025-02-18 16:00:30,988    : Element not found with ID : //button[@type='button']
2025-02-18 16:00:32,097    : Resume Document Upload Successful. Last Updated date = Uploaded on Feb 18, 2025
2025-02-18 16:00:34,281    : Driver Closed Successfully
2025-02-18 16:00:34,375    : Driver Quit Successfully
2025-02-18 16:00:34,375    : -----Naukri.py Script Run Ended-----

2025-02-19 12:00:37,828    : -----Naukri.py Script Run Begin-----
2025-02-19 12:00:37,829    : ====== WebDriver manager ======
2025-02-19 12:00:43,483    : Get LATEST chromedriver version for google-chrome
2025-02-19 12:00:43,824    : Get LATEST chromedriver version for google-chrome
2025-02-19 12:00:44,064    : There is no [mac64] chromedriver "133.0.6943.126" for browser google-chrome "133.0.6943" in cache
2025-02-19 12:00:44,071    : Get LATEST chromedriver version for google-chrome
2025-02-19 12:00:44,661    : WebDriver version 133.0.6943.126 selected
2025-02-19 12:00:44,663    : Modern chrome version https://storage.googleapis.com/chrome-for-testing-public/133.0.6943.126/mac-arm64/chromedriver-mac-arm64.zip
2025-02-19 12:00:44,663    : About to download new driver from https://storage.googleapis.com/chrome-for-testing-public/133.0.6943.126/mac-arm64/chromedriver-mac-arm64.zip
2025-02-19 12:00:45,176    : Driver downloading response is 200
2025-02-19 12:00:46,093    : Get LATEST chromedriver version for google-chrome
2025-02-19 12:00:46,434    : Driver has been saved in cache [/Users/manas/Downloads/Naukri-master/.wdm/drivers/chromedriver/mac64/133.0.6943.126]
2025-02-19 12:00:48,597    : Google Chrome Launched!
2025-02-19 12:00:50,825    : Website Loaded Successfully.
2025-02-19 12:01:06,328    : Element not found with XPATH : //*[text() = 'SKIP AND CONTINUE']
2025-02-19 12:01:07,355    : Naukri Login Successful
2025-02-19 12:01:19,005    : Element not found with XPATH : //*[contains(@class, 'crossIcon')]
2025-02-19 12:01:40,248    : Element not found with XPATH : //*[@name='mobile'] | //*[@id='mob_number']
2025-02-19 12:01:43,275    : Element not found with XPATH : //*[@name='mobile'] | //*[@id='mob_number']
2025-02-19 12:01:43,275    : Mobile number element not found in UI
2025-02-19 12:01:44,296    : Profile Update Successful
2025-02-19 12:01:49,320    : <class 'AttributeError'> : 'int' object has no attribute 'indirect_reference' at Line 332.
2025-02-19 12:02:02,300    : Element not found with XPATH : //*[contains(@class, 'crossIcon')]
2025-02-19 12:02:08,376    : Element not found with ID : //button[@type='button']
2025-02-19 12:02:09,417    : Resume Document Upload Successful. Last Updated date = Uploaded on Feb 19, 2025
2025-02-19 12:02:11,555    : Driver Closed Successfully
2025-02-19 12:02:11,644    : Driver Quit Successfully
2025-02-19 12:02:11,644    : -----Naukri.py Script Run Ended-----

2025-03-11 19:25:18,528    : -----Naukri.py Script Run Begin-----
2025-03-11 19:25:18,528    : ====== WebDriver manager ======
2025-03-11 19:25:24,022    : Get LATEST chromedriver version for google-chrome
2025-03-11 19:25:24,221    : Get LATEST chromedriver version for google-chrome
2025-03-11 19:25:24,337    : There is no [mac64] chromedriver "134.0.6998.88" for browser google-chrome "134.0.6998" in cache
2025-03-11 19:25:24,349    : Get LATEST chromedriver version for google-chrome
2025-03-11 19:25:24,659    : WebDriver version 134.0.6998.88 selected
2025-03-11 19:25:24,662    : Modern chrome version https://storage.googleapis.com/chrome-for-testing-public/134.0.6998.88/mac-arm64/chromedriver-mac-arm64.zip
2025-03-11 19:25:24,662    : About to download new driver from https://storage.googleapis.com/chrome-for-testing-public/134.0.6998.88/mac-arm64/chromedriver-mac-arm64.zip
2025-03-11 19:25:25,036    : Driver downloading response is 200
2025-03-11 19:25:27,244    : Get LATEST chromedriver version for google-chrome
2025-03-11 19:25:27,447    : Driver has been saved in cache [/Users/manas/Developer/Naukri-master/.wdm/drivers/chromedriver/mac64/134.0.6998.88]
2025-03-11 19:25:29,857    : Google Chrome Launched!
2025-03-11 19:25:47,292    : Element not found with XPATH : //*[text() = 'SKIP AND CONTINUE']
2025-03-11 19:25:48,318    : Naukri Login Successful
2025-03-11 19:26:14,248    : Element not found with XPATH : //*[@name='mobile'] | //*[@id='mob_number']
2025-03-11 19:26:17,302    : Element not found with XPATH : //*[@name='mobile'] | //*[@id='mob_number']
2025-03-11 19:26:17,304    : Mobile number element not found in UI
2025-03-11 19:26:18,324    : Profile Update Successful
2025-03-11 19:26:23,348    : <class 'AttributeError'> : 'int' object has no attribute 'indirect_reference' at Line 332.
2025-03-11 19:26:35,662    : Element not found with XPATH : //*[contains(@class, 'crossIcon')]
2025-03-11 19:26:41,744    : Element not found with ID : //button[@type='button']
2025-03-11 19:26:42,783    : Resume Document Upload Successful. Last Updated date = Uploaded on Mar 11, 2025
2025-03-11 19:26:44,906    : Driver Closed Successfully
2025-03-11 19:26:44,968    : Driver Quit Successfully
2025-03-11 19:26:44,968    : -----Naukri.py Script Run Ended-----

2025-05-02 11:00:19,513    : -----Naukri.py Script Run Begin-----
2025-05-02 11:00:19,513    : ====== WebDriver manager ======
2025-05-02 11:00:19,655    : Get LATEST chromedriver version for google-chrome
2025-05-02 11:00:19,897    : Get LATEST chromedriver version for google-chrome
2025-05-02 11:00:20,188    : There is no [mac64] chromedriver "135.0.7049.114" for browser google-chrome "135.0.7049" in cache
2025-05-02 11:00:20,194    : Get LATEST chromedriver version for google-chrome
2025-05-02 11:00:20,960    : WebDriver version 135.0.7049.114 selected
2025-05-02 11:00:20,963    : Modern chrome version https://storage.googleapis.com/chrome-for-testing-public/135.0.7049.114/mac-arm64/chromedriver-mac-arm64.zip
2025-05-02 11:00:20,963    : About to download new driver from https://storage.googleapis.com/chrome-for-testing-public/135.0.7049.114/mac-arm64/chromedriver-mac-arm64.zip
2025-05-02 11:00:21,120    : Driver downloading response is 200
2025-05-02 11:00:23,361    : Get LATEST chromedriver version for google-chrome
2025-05-02 11:00:23,713    : Driver has been saved in cache [/Users/manas/Developer/Naukri-master/.wdm/drivers/chromedriver/mac64/135.0.7049.114]
2025-05-02 11:00:25,627    : Google Chrome Launched!
2025-05-02 11:00:27,046    : Website Loaded Successfully.
2025-05-02 11:00:42,445    : Element not found with XPATH : //*[text() = 'SKIP AND CONTINUE']
2025-05-02 11:00:43,475    : Naukri Login Successful
2025-05-02 11:00:54,871    : Element not found with XPATH : //*[contains(@class, 'crossIcon')]
2025-05-02 11:01:16,150    : Element not found with XPATH : //*[@name='mobile'] | //*[@id='mob_number']
2025-05-02 11:01:19,206    : Element not found with XPATH : //*[@name='mobile'] | //*[@id='mob_number']
2025-05-02 11:01:19,206    : Mobile number element not found in UI
2025-05-02 11:01:29,274    : Element not found with XPATH : //*[text()='today' or text()='Today']
2025-05-02 11:01:32,306    : Profile Update Failed
2025-05-02 11:01:37,322    : <class 'AttributeError'> : 'int' object has no attribute 'indirect_reference' at Line 332.
2025-05-02 11:01:49,779    : Element not found with XPATH : //*[contains(@class, 'crossIcon')]
2025-05-02 11:01:55,855    : Element not found with ID : //button[@type='button']
2025-05-02 11:01:56,895    : Resume Document Upload Successful. Last Updated date = Uploaded on May 02, 2025
2025-05-02 11:01:59,023    : Driver Closed Successfully
2025-05-02 11:01:59,103    : Driver Quit Successfully
2025-05-02 11:01:59,103    : -----Naukri.py Script Run Ended-----

2025-05-02 11:02:03,069    : -----Naukri.py Script Run Begin-----
2025-05-02 11:02:03,069    : ====== WebDriver manager ======
2025-05-02 11:02:03,218    : Get LATEST chromedriver version for google-chrome
2025-05-02 11:02:04,052    : Get LATEST chromedriver version for google-chrome
2025-05-02 11:02:04,575    : Driver [/Users/manas/Developer/Naukri-master/.wdm/drivers/chromedriver/mac64/135.0.7049.114/chromedriver-mac-arm64/chromedriver] found in cache
2025-05-02 11:02:05,579    : Google Chrome Launched!
2025-05-02 11:02:23,520    : Element not found with XPATH : //*[text() = 'SKIP AND CONTINUE']
2025-05-02 11:02:24,548    : Naukri Login Successful
2025-05-02 11:02:35,993    : Element not found with XPATH : //*[contains(@class, 'crossIcon')]
2025-05-02 11:02:57,262    : Element not found with XPATH : //*[@name='mobile'] | //*[@id='mob_number']
2025-05-02 11:03:00,324    : Element not found with XPATH : //*[@name='mobile'] | //*[@id='mob_number']
2025-05-02 11:03:00,324    : Mobile number element not found in UI
2025-05-02 11:03:01,341    : Profile Update Successful
2025-05-02 11:03:06,356    : <class 'AttributeError'> : 'int' object has no attribute 'indirect_reference' at Line 332.
2025-05-02 11:03:18,672    : Element not found with XPATH : //*[contains(@class, 'crossIcon')]
2025-05-02 11:03:24,744    : Element not found with ID : //button[@type='button']
2025-05-02 11:03:25,779    : Resume Document Upload Successful. Last Updated date = Uploaded on May 02, 2025
2025-05-02 11:03:27,913    : Driver Closed Successfully
2025-05-02 11:03:27,999    : Driver Quit Successfully
2025-05-02 11:03:28,000    : -----Naukri.py Script Run Ended-----

